[debug] [2023-06-17T20:56:09.668Z] ----------------------------------------------------------------------
[debug] [2023-06-17T20:56:09.671Z] Command:       C:\Program Files\nodejs\node.exe C:\Users\Tafteesh Office\AppData\Roaming\npm\node_modules\firebase-tools\lib\bin\firebase.js init
[debug] [2023-06-17T20:56:09.672Z] CLI Version:   12.4.0
[debug] [2023-06-17T20:56:09.673Z] Platform:      win32
[debug] [2023-06-17T20:56:09.673Z] Node Version:  v18.16.0
[debug] [2023-06-17T20:56:09.674Z] Time:          Sun Jun 18 2023 01:56:09 GMT+0500 (Pakistan Standard Time)
[debug] [2023-06-17T20:56:09.674Z] ----------------------------------------------------------------------
[debug] 
[debug] [2023-06-17T20:56:09.792Z] > command requires scopes: ["email","openid","https://www.googleapis.com/auth/cloudplatformprojects.readonly","https://www.googleapis.com/auth/firebase","https://www.googleapis.com/auth/cloud-platform"]
[debug] [2023-06-17T20:56:09.794Z] > authorizing via signed-in user (hafizramzanonline6526@gmail.com)
[info] 
     ######## #### ########  ######## ########     ###     ######  ########
     ##        ##  ##     ## ##       ##     ##  ##   ##  ##       ##
     ######    ##  ########  ######   ########  #########  ######  ######
     ##        ##  ##    ##  ##       ##     ## ##     ##       ## ##
     ##       #### ##     ## ######## ########  ##     ##  ######  ########

You're about to initialize a Firebase project in this directory:

  C:\Users\Tafteesh Office\Desktop\Website

Before we get started, keep in mind:

  * You are initializing within an existing Firebase project directory

[info] 
=== Project Setup
[info] 
[info] First, let's associate this project directory with a Firebase project.
[info] You can create multiple project aliases by running firebase use --add, 
[info] but for now we'll just set up a default project.
[info] 
[debug] [2023-06-17T20:56:49.350Z] Using project from CLI flag: assignements-9cbbc
[debug] [2023-06-17T20:56:49.354Z] >>> [apiv2][query] GET https://firebase.googleapis.com/v1beta1/projects/assignements-9cbbc [none]
[debug] [2023-06-17T20:56:50.007Z] <<< [apiv2][status] GET https://firebase.googleapis.com/v1beta1/projects/assignements-9cbbc 200
[debug] [2023-06-17T20:56:50.008Z] <<< [apiv2][body] GET https://firebase.googleapis.com/v1beta1/projects/assignements-9cbbc {"projectId":"assignements-9cbbc","projectNumber":"936205563751","displayName":"Assignements","name":"projects/assignements-9cbbc","resources":{"hostingSite":"assignements-9cbbc","realtimeDatabaseInstance":"assignements-9cbbc-default-rtdb"},"state":"ACTIVE","etag":"1_4363731a-6ec9-41c5-a1ca-087479ea879c"}
[info] i  Using project assignements-9cbbc (Assignements) 
[info] 
=== Hosting Setup
[info] 
[info] Your public directory is the folder (relative to your project directory) that
[info] will contain Hosting assets to be uploaded with firebase deploy. If you
[info] have a build process for your assets, use your build's output directory.
[info] 
[debug] [2023-06-17T20:57:11.539Z] >>> [apiv2][query] GET https://www.gstatic.com/firebasejs/releases.json [none]
[debug] [2023-06-17T20:57:11.906Z] <<< [apiv2][status] GET https://www.gstatic.com/firebasejs/releases.json 200
[debug] [2023-06-17T20:57:11.907Z] <<< [apiv2][body] GET https://www.gstatic.com/firebasejs/releases.json {"current":{"version":"9.22.2","browserURL":"https://www.gstatic.com/firebasejs/9.22.2/firebase.js","packageURL":"https://www.gstatic.com/firebasejs/9.22.2/firebase.tgz"},"live":{"version":"9.22","browserURL":"https://www.gstatic.com/firebasejs/live/9.22/firebase.js","packageURL":"https://www.gstatic.com/firebasejs/live/9.22/firebase.tgz"},"components":{"analytics":"https://www.gstatic.com/firebasejs/9.22.2/firebase-analytics.js","app":"https://www.gstatic.com/firebasejs/9.22.2/firebase-app.js","app-check":"https://www.gstatic.com/firebasejs/9.22.2/firebase-app-check.js","auth":"https://www.gstatic.com/firebasejs/9.22.2/firebase-auth.js","auth/cordova":"https://www.gstatic.com/firebasejs/9.22.2/firebase-auth/cordova.js","auth/react-native":"https://www.gstatic.com/firebasejs/9.22.2/firebase-auth/react-native.js","functions":"https://www.gstatic.com/firebasejs/9.22.2/firebase-functions.js","firestore":"https://www.gstatic.com/firebasejs/9.22.2/firebase-firestore.js","firestore/lite":"https://www.gstatic.com/firebasejs/9.22.2/firebase-firestore/lite.js","installations":"https://www.gstatic.com/firebasejs/9.22.2/firebase-installations.js","storage":"https://www.gstatic.com/firebasejs/9.22.2/firebase-storage.js","performance":"https://www.gstatic.com/firebasejs/9.22.2/firebase-performance.js","remote-config":"https://www.gstatic.com/firebasejs/9.22.2/firebase-remote-config.js","messaging":"https://www.gstatic.com/firebasejs/9.22.2/firebase-messaging.js","messaging/sw":"https://www.gstatic.com/firebasejs/9.22.2/firebase-messaging/sw.js","database":"https://www.gstatic.com/firebasejs/9.22.2/firebase-database.js","firestore.memory":"https://www.gstatic.com/firebasejs/9.22.2/firebase-firestore.memory.js"}}
[info] +  Wrote y/index.html 
[info] 
[info] i  Didn't detect a .git folder. Assuming C:\Users\Tafteesh Office\Desktop\Website is the project root. 
[info] i  Authorizing with GitHub to upload your service account to a GitHub repository's secrets store. 
[info] 
[info] Visit this URL on this device to log in:
[info] https://github.com/login/oauth/authorize?client_id=89cf50f02ac6aaed3484&state=49903791&redirect_uri=http%3A%2F%2Flocalhost%3A9005&scope=read%3Auser%20repo%20public_repo
[info] 
[info] Waiting for authentication...
[debug] [2023-06-17T20:58:55.991Z] >>> [apiv2][query] POST https://github.com/login/oauth/access_token [none]
[debug] [2023-06-17T20:58:55.991Z] >>> [apiv2][body] POST https://github.com/login/oauth/access_token [stream]
[debug] [2023-06-17T20:58:56.801Z] <<< [apiv2][status] POST https://github.com/login/oauth/access_token 200
[debug] [2023-06-17T20:58:56.801Z] <<< [apiv2][body] POST https://github.com/login/oauth/access_token {"access_token":"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","token_type":"bearer","scope":"read:user,repo"}
[debug] [2023-06-17T20:58:56.859Z] >>> [apiv2][query] GET https://api.github.com/user [none]
[debug] [2023-06-17T20:58:57.667Z] <<< [apiv2][status] GET https://api.github.com/user 200
[debug] [2023-06-17T20:58:57.667Z] <<< [apiv2][body] GET https://api.github.com/user {"login":"Ramzan65","id":99344080,"node_id":"U_kgDOBeve0A","avatar_url":"https://avatars.githubusercontent.com/u/99344080?v=4","gravatar_id":"","url":"https://api.github.com/users/Ramzan65","html_url":"https://github.com/Ramzan65","followers_url":"https://api.github.com/users/Ramzan65/followers","following_url":"https://api.github.com/users/Ramzan65/following{/other_user}","gists_url":"https://api.github.com/users/Ramzan65/gists{/gist_id}","starred_url":"https://api.github.com/users/Ramzan65/starred{/owner}{/repo}","subscriptions_url":"https://api.github.com/users/Ramzan65/subscriptions","organizations_url":"https://api.github.com/users/Ramzan65/orgs","repos_url":"https://api.github.com/users/Ramzan65/repos","events_url":"https://api.github.com/users/Ramzan65/events{/privacy}","received_events_url":"https://api.github.com/users/Ramzan65/received_events","type":"User","site_admin":false,"name":null,"company":null,"blog":"","location":null,"email":null,"hireable":null,"bio":null,"twitter_username":null,"public_repos":0,"public_gists":0,"followers":0,"following":0,"created_at":"2022-02-09T14:48:13Z","updated_at":"2022-02-09T14:48:13Z","private_gists":0,"total_private_repos":0,"owned_private_repos":0,"disk_usage":0,"collaborators":0,"two_factor_authentication":false,"plan":{"name":"free","space":976562499,"collaborators":0,"private_repos":10000}}
[info] 
[info] +  Success! Logged into GitHub as Ramzan65 
[info] 
[debug] [2023-06-17T20:59:15.946Z] >>> [apiv2][query] GET https://api.github.com/repos//actions/secrets/public-key type=owner
[debug] [2023-06-17T20:59:16.524Z] <<< [apiv2][status] GET https://api.github.com/repos//actions/secrets/public-key 404
[debug] [2023-06-17T20:59:16.524Z] <<< [apiv2][body] GET https://api.github.com/repos//actions/secrets/public-key {"message":"Not Found","documentation_url":"https://docs.github.com/rest"}
[info] 
[info] 
[error] !  The provided authorization cannot be used with this repository. If this repository is in an organization, did you remember to grant access? 
[info] 
[info] i  Action required: Visit this URL to ensure access has been granted to the appropriate organization(s) for the Firebase CLI GitHub OAuth App: 
[info] https://github.com/settings/connections/applications/89cf50f02ac6aaed3484
[info] 
[debug] [2023-06-17T20:59:37.882Z] >>> [apiv2][query] GET https://api.github.com/repos/website/actions/secrets/public-key type=owner
[debug] [2023-06-17T20:59:38.496Z] <<< [apiv2][status] GET https://api.github.com/repos/website/actions/secrets/public-key 404
[debug] [2023-06-17T20:59:38.496Z] <<< [apiv2][body] GET https://api.github.com/repos/website/actions/secrets/public-key {"message":"Not Found","documentation_url":"https://docs.github.com/rest"}
[info] 
[info] 
[error] !  The provided authorization cannot be used with this repository. If this repository is in an organization, did you remember to grant access? 
[info] 
[info] i  Action required: Visit this URL to ensure access has been granted to the appropriate organization(s) for the Firebase CLI GitHub OAuth App: 
[info] https://github.com/settings/connections/applications/89cf50f02ac6aaed3484
[info] 
[debug] [2023-06-17T21:34:14.098Z] >>> [apiv2][query] GET https://api.github.com/repos/Website/actions/secrets/public-key type=owner
[debug] [2023-06-17T21:34:14.850Z] <<< [apiv2][status] GET https://api.github.com/repos/Website/actions/secrets/public-key 404
[debug] [2023-06-17T21:34:14.851Z] <<< [apiv2][body] GET https://api.github.com/repos/Website/actions/secrets/public-key {"message":"Not Found","documentation_url":"https://docs.github.com/rest"}
[info] 
[info] 
[error] !  The provided authorization cannot be used with this repository. If this repository is in an organization, did you remember to grant access? 
[info] 
[info] i  Action required: Visit this URL to ensure access has been granted to the appropriate organization(s) for the Firebase CLI GitHub OAuth App: 
[info] https://github.com/settings/connections/applications/89cf50f02ac6aaed3484
[info] 
[debug] [2023-06-17T21:34:29.873Z] >>> [apiv2][query] GET https://api.github.com/repos/Website/actions/secrets/public-key type=owner
[debug] [2023-06-17T21:34:30.464Z] <<< [apiv2][status] GET https://api.github.com/repos/Website/actions/secrets/public-key 404
[debug] [2023-06-17T21:34:30.464Z] <<< [apiv2][body] GET https://api.github.com/repos/Website/actions/secrets/public-key {"message":"Not Found","documentation_url":"https://docs.github.com/rest"}
[info] 
[info] 
[error] !  The provided authorization cannot be used with this repository. If this repository is in an organization, did you remember to grant access? 
[info] 
[info] i  Action required: Visit this URL to ensure access has been granted to the appropriate organization(s) for the Firebase CLI GitHub OAuth App: 
[info] https://github.com/settings/connections/applications/89cf50f02ac6aaed3484
[info] 
[debug] [2023-06-17T21:36:12.273Z] >>> [apiv2][query] GET https://api.github.com/repos/Website/actions/secrets/public-key type=owner
[debug] [2023-06-17T21:36:13.166Z] <<< [apiv2][status] GET https://api.github.com/repos/Website/actions/secrets/public-key 404
[debug] [2023-06-17T21:36:13.167Z] <<< [apiv2][body] GET https://api.github.com/repos/Website/actions/secrets/public-key {"message":"Not Found","documentation_url":"https://docs.github.com/rest"}
[info] 
[info] 
[error] !  The provided authorization cannot be used with this repository. If this repository is in an organization, did you remember to grant access? 
[info] 
[info] i  Action required: Visit this URL to ensure access has been granted to the appropriate organization(s) for the Firebase CLI GitHub OAuth App: 
[info] https://github.com/settings/connections/applications/89cf50f02ac6aaed3484
[info] 
[debug] [2023-06-17T21:36:38.768Z] >>> [apiv2][query] GET https://api.github.com/repos/s/actions/secrets/public-key type=owner
[debug] [2023-06-17T21:36:39.374Z] <<< [apiv2][status] GET https://api.github.com/repos/s/actions/secrets/public-key 404
[debug] [2023-06-17T21:36:39.374Z] <<< [apiv2][body] GET https://api.github.com/repos/s/actions/secrets/public-key {"message":"Not Found","documentation_url":"https://docs.github.com/rest"}
[info] 
[info] 
[error] !  The provided authorization cannot be used with this repository. If this repository is in an organization, did you remember to grant access? 
[info] 
[info] i  Action required: Visit this URL to ensure access has been granted to the appropriate organization(s) for the Firebase CLI GitHub OAuth App: 
[info] https://github.com/settings/connections/applications/89cf50f02ac6aaed3484
[info] 
[debug] [2023-06-17T21:39:51.025Z] >>> [apiv2][query] GET https://api.github.com/repos//actions/secrets/public-key type=owner
[debug] [2023-06-17T21:39:51.735Z] <<< [apiv2][status] GET https://api.github.com/repos//actions/secrets/public-key 404
[debug] [2023-06-17T21:39:51.735Z] <<< [apiv2][body] GET https://api.github.com/repos//actions/secrets/public-key {"message":"Not Found","documentation_url":"https://docs.github.com/rest"}
[info] 
[info] 
[error] !  The provided authorization cannot be used with this repository. If this repository is in an organization, did you remember to grant access? 
[info] 
[info] i  Action required: Visit this URL to ensure access has been granted to the appropriate organization(s) for the Firebase CLI GitHub OAuth App: 
[info] https://github.com/settings/connections/applications/89cf50f02ac6aaed3484
[info] 
[debug] [2023-06-17T21:39:59.505Z] >>> [apiv2][query] GET https://api.github.com/repos/website/actions/secrets/public-key type=owner
[debug] [2023-06-17T21:40:00.108Z] <<< [apiv2][status] GET https://api.github.com/repos/website/actions/secrets/public-key 404
[debug] [2023-06-17T21:40:00.108Z] <<< [apiv2][body] GET https://api.github.com/repos/website/actions/secrets/public-key {"message":"Not Found","documentation_url":"https://docs.github.com/rest"}
[info] 
[info] 
[error] !  The provided authorization cannot be used with this repository. If this repository is in an organization, did you remember to grant access? 
[info] 
[info] i  Action required: Visit this URL to ensure access has been granted to the appropriate organization(s) for the Firebase CLI GitHub OAuth App: 
[info] https://github.com/settings/connections/applications/89cf50f02ac6aaed3484
[info] 
[debug] [2023-06-17T21:40:09.385Z] >>> [apiv2][query] GET https://api.github.com/repos/firebase deploy/actions/secrets/public-key type=owner
[debug] [2023-06-17T21:40:09.992Z] <<< [apiv2][status] GET https://api.github.com/repos/firebase deploy/actions/secrets/public-key 404
[debug] [2023-06-17T21:40:09.993Z] <<< [apiv2][body] GET https://api.github.com/repos/firebase deploy/actions/secrets/public-key {"message":"Not Found","documentation_url":"https://docs.github.com/rest"}
[info] 
[info] 
[error] !  The provided authorization cannot be used with this repository. If this repository is in an organization, did you remember to grant access? 
[info] 
[info] i  Action required: Visit this URL to ensure access has been granted to the appropriate organization(s) for the Firebase CLI GitHub OAuth App: 
[info] https://github.com/settings/connections/applications/89cf50f02ac6aaed3484
[info] 
